<?xml version="1.0" encoding="UTF-8"?>
<testng-results skipped="0" failed="0" ignored="0" total="2" passed="2">
  <reporter-output>
  </reporter-output>
  <suite name="Default suite" duration-ms="5093" started-at="2020-09-02T22:35:25Z" finished-at="2020-09-02T22:35:30Z">
    <groups>
    </groups>
    <test name="Default test" duration-ms="5093" started-at="2020-09-02T22:35:25Z" finished-at="2020-09-02T22:35:30Z">
      <class name="test.NSS_ToDoTest">
        <test-method status="PASS" signature="UserShouldBeAbleToGoToSite()[pri:1, instance:test.NSS_ToDoTest@4ae3c1cd]" name="UserShouldBeAbleToGoToSite" duration-ms="5050" started-at="2020-09-02T18:35:25Z" finished-at="2020-09-02T18:35:30Z">
          <reporter-output>
          </reporter-output>
        </test-method> <!-- UserShouldBeAbleToGoToSite -->
        <test-method status="PASS" signature="UserShouldNotBeAbletoAddDuplicateCategory()[pri:2, instance:test.NSS_ToDoTest@4ae3c1cd]" name="UserShouldNotBeAbletoAddDuplicateCategory" duration-ms="9" started-at="2020-09-02T18:35:30Z" finished-at="2020-09-02T18:35:30Z">
          <reporter-output>
          </reporter-output>
        </test-method> <!-- UserShouldNotBeAbletoAddDuplicateCategory -->
      </class> <!-- test.NSS_ToDoTest -->
    </test> <!-- Default test -->
  </suite> <!-- Default suite -->
</testng-results>
